Info 0    [10:23:55.322] Starting TS Server
Info 1    [10:23:55.322] Version: 4.7.3
Info 2    [10:23:55.322] Arguments: /home/mihail/.nvm/versions/node/v14.19.0/bin/node /home/mihail/dev/ttt/frontend/node_modules/typescript/lib/tsserver.js --logFile /home/mihail/dev/ttt/frontend/.log/tsserver.log --logVerbosity info --cancellationPipeName /tmp/5ec2c43792001fe343c7b2f4e92c5bd3/tscancellation*
Info 3    [10:23:55.322] Platform: linux NodeVersion: 14 CaseSensitive: true
Info 4    [10:23:55.322] ServerMode: undefined syntaxOnly: false hasUnknownServerMode: undefined
Info 5    [10:23:55.336] Format host information updated
Info 6    [10:23:55.352] Search path: /home/mihail/dev/ttt/frontend/src
Info 7    [10:23:55.353] For info: /home/mihail/dev/ttt/frontend/src/App.tsx :: Config file name: /home/mihail/dev/ttt/frontend/tsconfig.json
Info 8    [10:23:55.353] Creating configuration project /home/mihail/dev/ttt/frontend/tsconfig.json
Info 9    [10:23:55.395] Config: /home/mihail/dev/ttt/frontend/tsconfig.json : {
 "rootNames": [
  "/home/mihail/dev/ttt/frontend/src/App.test.tsx",
  "/home/mihail/dev/ttt/frontend/src/App.tsx",
  "/home/mihail/dev/ttt/frontend/src/index.tsx",
  "/home/mihail/dev/ttt/frontend/src/react-app-env.d.ts",
  "/home/mihail/dev/ttt/frontend/src/setupTests.ts",
  "/home/mihail/dev/ttt/frontend/src/assets/styles/globalStyles.js",
  "/home/mihail/dev/ttt/frontend/src/components/index.ts",
  "/home/mihail/dev/ttt/frontend/src/components/layout/AppShell/AppShell.tsx",
  "/home/mihail/dev/ttt/frontend/src/components/layout/Footer/Footer.tsx",
  "/home/mihail/dev/ttt/frontend/src/components/layout/Header/Header.styles.tsx",
  "/home/mihail/dev/ttt/frontend/src/components/layout/Header/Header.tsx",
  "/home/mihail/dev/ttt/frontend/src/components/layout/NotFound/NotFound.tsx",
  "/home/mihail/dev/ttt/frontend/src/components/layout/Offline/Offline.tsx",
  "/home/mihail/dev/ttt/frontend/src/components/navigation/Anchor/Anchor.tsx",
  "/home/mihail/dev/ttt/frontend/src/components/navigation/ProtectedRoute/ProtectedRoute.tsx",
  "/home/mihail/dev/ttt/frontend/src/features/authentication/authentication.model.ts",
  "/home/mihail/dev/ttt/frontend/src/features/authentication/index.ts",
  "/home/mihail/dev/ttt/frontend/src/features/authentication/user.context.ts",
  "/home/mihail/dev/ttt/frontend/src/features/authentication/Profile/Profile.tsx",
  "/home/mihail/dev/ttt/frontend/src/features/authentication/SignIn/SignIn.tsx",
  "/home/mihail/dev/ttt/frontend/src/features/thoughts/constants.ts",
  "/home/mihail/dev/ttt/frontend/src/features/thoughts/index.ts",
  "/home/mihail/dev/ttt/frontend/src/features/thoughts/thought-view.context.ts",
  "/home/mihail/dev/ttt/frontend/src/features/thoughts/thought.model.ts",
  "/home/mihail/dev/ttt/frontend/src/features/thoughts/RecentThoughts/RecentThoughts.tsx",
  "/home/mihail/dev/ttt/frontend/src/features/thoughts/RecentThoughts/NotReceived/NotReceived.tsx",
  "/home/mihail/dev/ttt/frontend/src/features/thoughts/RecentThoughts/Received/Received.tsx",
  "/home/mihail/dev/ttt/frontend/src/features/thoughts/ThoughtBurn/ThoughtBurn.tsx",
  "/home/mihail/dev/ttt/frontend/src/features/thoughts/ThoughtCreate/ThoughtCreate.tsx",
  "/home/mihail/dev/ttt/frontend/src/features/thoughts/ThoughtLink/ThoughtLink.tsx",
  "/home/mihail/dev/ttt/frontend/src/features/thoughts/ThoughtView/ThoughtView.tsx",
  "/home/mihail/dev/ttt/frontend/src/features/thoughts/ThoughtView/GetThoughForm/GetThoughtForm.tsx",
  "/home/mihail/dev/ttt/frontend/src/features/thoughts/ThougthMetadata/ThoughtMetadata.tsx",
  "/home/mihail/dev/ttt/frontend/src/hooks/index.ts",
  "/home/mihail/dev/ttt/frontend/src/hooks/use-local-storage.ts",
  "/home/mihail/dev/ttt/frontend/src/hooks/use-network-status.ts",
  "/home/mihail/dev/ttt/frontend/src/services/http.ts",
  "/home/mihail/dev/ttt/frontend/src/utils/copy-to-clipboard.ts",
  "/home/mihail/dev/ttt/frontend/src/utils/date.ts",
  "/home/mihail/dev/ttt/frontend/src/utils/index.ts",
  "/home/mihail/dev/ttt/frontend/src/utils/is-empty.ts",
  "/home/mihail/dev/ttt/frontend/src/utils/select-element.ts",
  "/home/mihail/dev/ttt/frontend/src/utils/constants/storage-keys.ts",
  "/home/mihail/dev/ttt/frontend/src/utils/constants/theme.ts",
  "/home/mihail/dev/ttt/frontend/.eslintrc.js"
 ],
 "options": {
  "target": 1,
  "lib": [
   "lib.dom.d.ts",
   "lib.dom.iterable.d.ts",
   "lib.esnext.d.ts"
  ],
  "allowJs": true,
  "skipLibCheck": true,
  "esModuleInterop": true,
  "allowSyntheticDefaultImports": true,
  "strict": true,
  "forceConsistentCasingInFileNames": true,
  "noFallthroughCasesInSwitch": true,
  "module": 99,
  "moduleResolution": 2,
  "resolveJsonModule": true,
  "isolatedModules": true,
  "noEmit": true,
  "jsx": 4,
  "baseUrl": "/home/mihail/dev/ttt/frontend/src",
  "configFilePath": "/home/mihail/dev/ttt/frontend/tsconfig.json"
 }
}
Info 10   [10:23:55.496] Starting updateGraphWorker: Project: /home/mihail/dev/ttt/frontend/tsconfig.json
Info 11   [10:24:00.515] Finishing updateGraphWorker: Project: /home/mihail/dev/ttt/frontend/tsconfig.json Version: 1 structureChanged: true structureIsReused:: Not Elapsed: 5018.993699999992ms
Info 12   [10:24:00.515] Project '/home/mihail/dev/ttt/frontend/tsconfig.json' (Configured)
Info 13   [10:24:00.515] 	Files (698)

Info 14   [10:24:00.515] -----------------------------------------------
Info 15   [10:24:00.536] AutoImportProviderProject: found 3 root files in 3 dependencies in 16.607500000158325 ms
Info 16   [10:24:00.537] Starting updateGraphWorker: Project: /dev/null/autoImportProviderProject1*
Info 17   [10:24:00.751] Finishing updateGraphWorker: Project: /dev/null/autoImportProviderProject1* Version: 1 structureChanged: true structureIsReused:: Not Elapsed: 214.14850000012666ms
Info 18   [10:24:00.751] Project '/dev/null/autoImportProviderProject1*' (AutoImportProvider)
Info 19   [10:24:00.751] 	Files (47)

Info 20   [10:24:00.751] -----------------------------------------------
Info 21   [10:24:28.165] Search path: /home/mihail/dev/ttt/frontend/src/features/thoughts/ThoughtCreate
Info 22   [10:24:28.166] For info: /home/mihail/dev/ttt/frontend/src/features/thoughts/ThoughtCreate/ThoughtCreate.tsx :: Config file name: /home/mihail/dev/ttt/frontend/tsconfig.json
Info 23   [10:24:34.962] Search path: /home/mihail/dev/ttt/frontend/src/features/authentication
Info 24   [10:24:34.963] For info: /home/mihail/dev/ttt/frontend/src/features/authentication/user.context.ts :: Config file name: /home/mihail/dev/ttt/frontend/tsconfig.json
